<?xml version="1.0" encoding="UTF-8"?>
<testng-results ignored="0" total="1" passed="1" failed="0" skipped="0">
  <reporter-output>
  </reporter-output>
  <suite started-at="2024-03-03T16:15:58 IST" name="Default suite" finished-at="2024-03-03T16:16:30 IST" duration-ms="31794">
    <groups>
    </groups>
    <test started-at="2024-03-03T16:15:58 IST" name="Default test" finished-at="2024-03-03T16:16:30 IST" duration-ms="31794">
      <class name="Entrata.SeleniumProject.validateFooterLinks">
        <test-method signature="validateTermsOfUseFooterLink()[pri:0, instance:Entrata.SeleniumProject.validateFooterLinks@6c1a5b54]" started-at="2024-03-03T16:15:58 IST" name="validateTermsOfUseFooterLink" finished-at="2024-03-03T16:16:30 IST" duration-ms="31724" status="PASS">
          <reporter-output>
          </reporter-output>
        </test-method> <!-- validateTermsOfUseFooterLink -->
      </class> <!-- Entrata.SeleniumProject.validateFooterLinks -->
    </test> <!-- Default test -->
  </suite> <!-- Default suite -->
</testng-results>
